2021-01-19 10:53:33,399 RegisterBusiness INFO ---> 密码错误
2021-01-19 10:53:33,400 RegisterBusiness INFO ---> 验证码错误
2021-01-19 10:53:33,588 RegisterTestcase ERROR ---> 注册失败
2021-01-19 10:53:52,208 RegisterBusiness INFO ---> 密码错误
2021-01-19 10:53:52,210 RegisterBusiness INFO ---> 验证码错误
2021-01-19 10:53:52,338 RegisterTestcase ERROR ---> 注册失败
2021-01-19 10:54:07,959 RegisterBusiness INFO ---> 密码错误
2021-01-19 10:54:07,960 RegisterBusiness INFO ---> 验证码错误
2021-01-19 10:54:08,087 RegisterTestcase ERROR ---> 注册失败
2021-01-19 10:54:23,843 RegisterBusiness INFO ---> 密码错误
2021-01-19 10:54:23,847 RegisterBusiness INFO ---> 验证码错误
2021-01-19 10:54:23,973 RegisterTestcase ERROR ---> 注册失败
2021-01-19 10:54:39,483 RegisterBusiness INFO ---> 密码错误
2021-01-19 10:54:39,485 RegisterBusiness INFO ---> 验证码错误
2021-01-19 10:54:39,616 RegisterTestcase ERROR ---> 注册失败
2021-01-19 10:54:56,221 RegisterBusiness INFO ---> 注册邮箱错误
2021-01-19 10:54:56,223 RegisterBusiness INFO ---> 用户昵称错误
2021-01-19 10:54:56,226 RegisterBusiness INFO ---> 验证码错误
2021-01-19 10:54:56,358 RegisterTestcase ERROR ---> 注册失败
2021-01-19 10:55:13,966 RegisterBusiness INFO ---> 注册邮箱错误
2021-01-19 10:55:13,969 RegisterBusiness INFO ---> 用户昵称错误
2021-01-19 10:55:13,973 RegisterBusiness INFO ---> 验证码错误
2021-01-19 10:55:14,109 RegisterTestcase ERROR ---> 注册失败
2021-01-19 10:55:29,860 RegisterBusiness INFO ---> 注册邮箱错误
2021-01-19 10:55:29,862 RegisterBusiness INFO ---> 用户昵称错误
2021-01-19 10:55:29,865 RegisterBusiness INFO ---> 验证码错误
2021-01-19 10:55:30,002 RegisterTestcase ERROR ---> 注册失败
2021-01-19 10:55:45,639 RegisterBusiness INFO ---> 注册邮箱错误
2021-01-19 10:55:45,641 RegisterBusiness INFO ---> 用户昵称错误
2021-01-19 10:55:45,644 RegisterBusiness INFO ---> 验证码错误
2021-01-19 10:55:45,778 RegisterTestcase ERROR ---> 注册失败
2021-01-19 10:56:01,402 RegisterBusiness INFO ---> 注册邮箱错误
2021-01-19 10:56:01,405 RegisterBusiness INFO ---> 用户昵称错误
2021-01-19 10:56:01,410 RegisterBusiness INFO ---> 验证码错误
2021-01-19 10:56:01,551 RegisterTestcase ERROR ---> 注册失败
